0 info it worked if it ends with ok
1 verbose cli [ '/Users/Chris/.nvm/versions/io.js/v3.3.1/bin/iojs',
1 verbose cli   '/Users/Chris/.nvm/versions/io.js/v3.3.1/bin/npm',
1 verbose cli   'install',
1 verbose cli   'moment',
1 verbose cli   '--save' ]
2 info using npm@2.14.3
3 info using node@v3.3.1
4 verbose install initial load of /Users/Chris/Sites/reactwp-theme-boilerplate/wp-content/themes/reactwp-theme-boilerplate/package.json
5 warn package.json reactwp-theme@1.0.0 No description
6 verbose installManyTop reading scoped package data from /Users/Chris/Sites/reactwp-theme-boilerplate/wp-content/themes/reactwp-theme-boilerplate/node_modules/babel-core/package.json
7 verbose installManyTop reading scoped package data from /Users/Chris/Sites/reactwp-theme-boilerplate/wp-content/themes/reactwp-theme-boilerplate/node_modules/babel-eslint/package.json
8 verbose installManyTop reading scoped package data from /Users/Chris/Sites/reactwp-theme-boilerplate/wp-content/themes/reactwp-theme-boilerplate/node_modules/babel-loader/package.json
9 verbose installManyTop reading scoped package data from /Users/Chris/Sites/reactwp-theme-boilerplate/wp-content/themes/reactwp-theme-boilerplate/node_modules/css-loader/package.json
10 verbose installManyTop reading scoped package data from /Users/Chris/Sites/reactwp-theme-boilerplate/wp-content/themes/reactwp-theme-boilerplate/node_modules/eslint/package.json
11 verbose installManyTop reading scoped package data from /Users/Chris/Sites/reactwp-theme-boilerplate/wp-content/themes/reactwp-theme-boilerplate/node_modules/eslint-plugin-react/package.json
12 verbose installManyTop reading scoped package data from /Users/Chris/Sites/reactwp-theme-boilerplate/wp-content/themes/reactwp-theme-boilerplate/node_modules/extract-text-webpack-plugin/package.json
13 verbose installManyTop reading scoped package data from /Users/Chris/Sites/reactwp-theme-boilerplate/wp-content/themes/reactwp-theme-boilerplate/node_modules/history/package.json
14 verbose installManyTop reading scoped package data from /Users/Chris/Sites/reactwp-theme-boilerplate/wp-content/themes/reactwp-theme-boilerplate/node_modules/html-webpack-plugin/package.json
15 verbose installManyTop reading scoped package data from /Users/Chris/Sites/reactwp-theme-boilerplate/wp-content/themes/reactwp-theme-boilerplate/node_modules/jquery/package.json
16 verbose installManyTop reading scoped package data from /Users/Chris/Sites/reactwp-theme-boilerplate/wp-content/themes/reactwp-theme-boilerplate/node_modules/node-sass/package.json
17 verbose installManyTop reading scoped package data from /Users/Chris/Sites/reactwp-theme-boilerplate/wp-content/themes/reactwp-theme-boilerplate/node_modules/normalize.css/package.json
18 verbose installManyTop reading scoped package data from /Users/Chris/Sites/reactwp-theme-boilerplate/wp-content/themes/reactwp-theme-boilerplate/node_modules/react/package.json
19 verbose installManyTop reading scoped package data from /Users/Chris/Sites/reactwp-theme-boilerplate/wp-content/themes/reactwp-theme-boilerplate/node_modules/react-addons-css-transition-group/package.json
20 verbose installManyTop reading scoped package data from /Users/Chris/Sites/reactwp-theme-boilerplate/wp-content/themes/reactwp-theme-boilerplate/node_modules/react-bootstrap/package.json
21 verbose installManyTop reading scoped package data from /Users/Chris/Sites/reactwp-theme-boilerplate/wp-content/themes/reactwp-theme-boilerplate/node_modules/react-color/package.json
22 verbose installManyTop reading scoped package data from /Users/Chris/Sites/reactwp-theme-boilerplate/wp-content/themes/reactwp-theme-boilerplate/node_modules/react-dom/package.json
23 verbose installManyTop reading scoped package data from /Users/Chris/Sites/reactwp-theme-boilerplate/wp-content/themes/reactwp-theme-boilerplate/node_modules/react-hot-loader/package.json
24 verbose installManyTop reading scoped package data from /Users/Chris/Sites/reactwp-theme-boilerplate/wp-content/themes/reactwp-theme-boilerplate/node_modules/react-redux/package.json
25 verbose installManyTop reading scoped package data from /Users/Chris/Sites/reactwp-theme-boilerplate/wp-content/themes/reactwp-theme-boilerplate/node_modules/react-router/package.json
26 verbose installManyTop reading scoped package data from /Users/Chris/Sites/reactwp-theme-boilerplate/wp-content/themes/reactwp-theme-boilerplate/node_modules/redux/package.json
27 verbose installManyTop reading scoped package data from /Users/Chris/Sites/reactwp-theme-boilerplate/wp-content/themes/reactwp-theme-boilerplate/node_modules/redux-logger/package.json
28 verbose installManyTop reading scoped package data from /Users/Chris/Sites/reactwp-theme-boilerplate/wp-content/themes/reactwp-theme-boilerplate/node_modules/redux-thunk/package.json
29 verbose installManyTop reading scoped package data from /Users/Chris/Sites/reactwp-theme-boilerplate/wp-content/themes/reactwp-theme-boilerplate/node_modules/sass-loader/package.json
30 verbose installManyTop reading scoped package data from /Users/Chris/Sites/reactwp-theme-boilerplate/wp-content/themes/reactwp-theme-boilerplate/node_modules/style-loader/package.json
31 verbose installManyTop reading scoped package data from /Users/Chris/Sites/reactwp-theme-boilerplate/wp-content/themes/reactwp-theme-boilerplate/node_modules/uglify-loader/package.json
32 verbose installManyTop reading scoped package data from /Users/Chris/Sites/reactwp-theme-boilerplate/wp-content/themes/reactwp-theme-boilerplate/node_modules/webpack/package.json
33 verbose installManyTop reading scoped package data from /Users/Chris/Sites/reactwp-theme-boilerplate/wp-content/themes/reactwp-theme-boilerplate/node_modules/webpack-dev-server/package.json
34 verbose readDependencies loading dependencies from /Users/Chris/Sites/reactwp-theme-boilerplate/wp-content/themes/reactwp-theme-boilerplate/package.json
35 silly cache add args [ 'moment', null ]
36 verbose cache add spec moment
37 silly cache add parsed spec Result {
37 silly cache add   raw: 'moment',
37 silly cache add   scope: null,
37 silly cache add   name: 'moment',
37 silly cache add   rawSpec: '',
37 silly cache add   spec: '*',
37 silly cache add   type: 'range' }
38 silly addNamed moment@*
39 verbose addNamed "*" is a valid semver range for moment
40 silly addNameRange { name: 'moment', range: '*', hasData: false }
41 silly mapToRegistry name moment
42 silly mapToRegistry using default registry
43 silly mapToRegistry registry https://registry.npmjs.org/
44 silly mapToRegistry uri https://registry.npmjs.org/moment
45 verbose addNameRange registry:https://registry.npmjs.org/moment not in flight; fetching
46 verbose request uri https://registry.npmjs.org/moment
47 verbose request no auth needed
48 info attempt registry request try #1 at 1:07:22 AM
49 verbose request id 56d9a29962578afb
50 verbose etag "628DT3QNEYQKDMZ7VYE4K0R1C"
51 http request GET https://registry.npmjs.org/moment
52 http 200 https://registry.npmjs.org/moment
53 silly get cb [ 200,
53 silly get   { server: 'CouchDB/1.5.0 (Erlang OTP/R16B03)',
53 silly get     etag: '"4QDTZZBRY73NRUQRFCGRQUO5V"',
53 silly get     'content-type': 'application/json',
53 silly get     'content-encoding': 'gzip',
53 silly get     'cache-control': 'max-age=300',
53 silly get     'content-length': '11717',
53 silly get     'accept-ranges': 'bytes',
53 silly get     date: 'Sat, 11 Jun 2016 05:07:04 GMT',
53 silly get     via: '1.1 varnish',
53 silly get     age: '44',
53 silly get     connection: 'keep-alive',
53 silly get     'x-served-by': 'cache-iad2125-IAD',
53 silly get     'x-cache': 'HIT',
53 silly get     'x-cache-hits': '2',
53 silly get     'x-timer': 'S1465621624.909489,VS0,VE0',
53 silly get     vary: 'Accept-Encoding' } ]
54 verbose get saving moment to /Users/Chris/.npm/registry.npmjs.org/moment/.cache.json
55 silly addNameRange number 2 { name: 'moment', range: '*', hasData: true }
56 silly addNameRange versions [ 'moment',
56 silly addNameRange   [ '1.0.0',
56 silly addNameRange     '1.0.1',
56 silly addNameRange     '1.1.0',
56 silly addNameRange     '1.1.1',
56 silly addNameRange     '1.2.0',
56 silly addNameRange     '1.3.0',
56 silly addNameRange     '1.4.0',
56 silly addNameRange     '1.5.0',
56 silly addNameRange     '1.5.1',
56 silly addNameRange     '1.6.0',
56 silly addNameRange     '1.6.1',
56 silly addNameRange     '1.6.2',
56 silly addNameRange     '1.7.0',
56 silly addNameRange     '1.7.1',
56 silly addNameRange     '1.7.2',
56 silly addNameRange     '2.0.0',
56 silly addNameRange     '2.1.0',
56 silly addNameRange     '2.2.1',
56 silly addNameRange     '2.3.0',
56 silly addNameRange     '2.3.1',
56 silly addNameRange     '2.4.0',
56 silly addNameRange     '2.5.0',
56 silly addNameRange     '2.5.1',
56 silly addNameRange     '2.6.0',
56 silly addNameRange     '2.7.0',
56 silly addNameRange     '2.8.1',
56 silly addNameRange     '2.8.2',
56 silly addNameRange     '2.8.3',
56 silly addNameRange     '2.8.4',
56 silly addNameRange     '2.9.0',
56 silly addNameRange     '2.10.2',
56 silly addNameRange     '2.10.3',
56 silly addNameRange     '2.10.5',
56 silly addNameRange     '2.10.6',
56 silly addNameRange     '2.11.0',
56 silly addNameRange     '2.11.1',
56 silly addNameRange     '2.11.2',
56 silly addNameRange     '2.12.0',
56 silly addNameRange     '2.13.0' ] ]
57 silly addNamed moment@2.13.0
58 verbose addNamed "2.13.0" is a plain semver version for moment
59 silly cache afterAdd moment@2.13.0
60 verbose afterAdd /Users/Chris/.npm/moment/2.13.0/package/package.json not in flight; writing
61 verbose afterAdd /Users/Chris/.npm/moment/2.13.0/package/package.json written
62 silly install resolved [ { name: 'moment',
62 silly install resolved     version: '2.13.0',
62 silly install resolved     description: 'Parse, validate, manipulate, and display dates',
62 silly install resolved     homepage: 'http://momentjs.com',
62 silly install resolved     author:
62 silly install resolved      { name: 'Iskren Ivov Chernev',
62 silly install resolved        email: 'iskren.chernev@gmail.com',
62 silly install resolved        url: 'https://github.com/ichernev' },
62 silly install resolved     contributors: [ [Object], [Object], [Object], [Object], [Object] ],
62 silly install resolved     keywords:
62 silly install resolved      [ 'moment',
62 silly install resolved        'date',
62 silly install resolved        'time',
62 silly install resolved        'parse',
62 silly install resolved        'format',
62 silly install resolved        'validate',
62 silly install resolved        'i18n',
62 silly install resolved        'l10n',
62 silly install resolved        'ender' ],
62 silly install resolved     main: './moment.js',
62 silly install resolved     typings: './moment.d.ts',
62 silly install resolved     engines: { node: '*' },
62 silly install resolved     repository: { type: 'git', url: 'git+https://github.com/moment/moment.git' },
62 silly install resolved     bugs: { url: 'https://github.com/moment/moment/issues' },
62 silly install resolved     license: 'MIT',
62 silly install resolved     devDependencies:
62 silly install resolved      { 'uglify-js': 'latest',
62 silly install resolved        'es6-promise': 'latest',
62 silly install resolved        grunt: '~0.4',
62 silly install resolved        'grunt-cli': 'latest',
62 silly install resolved        benchmark: 'latest',
62 silly install resolved        esperanto: 'latest',
62 silly install resolved        'grunt-contrib-clean': 'latest',
62 silly install resolved        'grunt-contrib-concat': 'latest',
62 silly install resolved        'grunt-contrib-copy': 'latest',
62 silly install resolved        'grunt-contrib-jshint': 'latest',
62 silly install resolved        'grunt-contrib-uglify': 'latest',
62 silly install resolved        'grunt-contrib-watch': 'latest',
62 silly install resolved        'grunt-env': 'latest',
62 silly install resolved        'grunt-jscs': 'latest',
62 silly install resolved        'grunt-karma': 'latest',
62 silly install resolved        'grunt-nuget': 'latest',
62 silly install resolved        'grunt-benchmark': 'latest',
62 silly install resolved        'grunt-string-replace': 'latest',
62 silly install resolved        'grunt-exec': 'latest',
62 silly install resolved        'load-grunt-tasks': 'latest',
62 silly install resolved        karma: 'latest',
62 silly install resolved        'karma-chrome-launcher': 'latest',
62 silly install resolved        'karma-firefox-launcher': 'latest',
62 silly install resolved        'karma-qunit': 'latest',
62 silly install resolved        'karma-sauce-launcher': 'latest',
62 silly install resolved        qunit: '^0.7.5',
62 silly install resolved        'qunit-cli': '^0.1.4',
62 silly install resolved        spacejam: 'latest',
62 silly install resolved        coveralls: '^2.11.2',
62 silly install resolved        nyc: '^2.1.4' },
62 silly install resolved     ender: './ender.js',
62 silly install resolved     dojoBuild: 'package.js',
62 silly install resolved     jspm: { files: [Object], map: [Object], buildConfig: [Object] },
62 silly install resolved     scripts:
62 silly install resolved      { test: 'grunt test',
62 silly install resolved        coverage: 'nyc npm test && nyc report',
62 silly install resolved        coveralls: 'nyc npm test && nyc report --reporter=text-lcov | coveralls' },
62 silly install resolved     spm: { main: 'moment.js', output: [Object] },
62 silly install resolved     _id: 'moment@2.13.0',
62 silly install resolved     dist:
62 silly install resolved      { shasum: '24162d99521e6d40f99ae6939e806d2139eaac52',
62 silly install resolved        tarball: 'https://registry.npmjs.org/moment/-/moment-2.13.0.tgz' },
62 silly install resolved     _from: 'moment@*',
62 silly install resolved     _npmVersion: '1.4.6',
62 silly install resolved     _npmUser: { name: 'ichernev', email: 'iskren.chernev@gmail.com' },
62 silly install resolved     maintainers: [ [Object], [Object] ],
62 silly install resolved     _npmOperationalInternal:
62 silly install resolved      { host: 'packages-16-east.internal.npmjs.com',
62 silly install resolved        tmp: 'tmp/moment-2.13.0.tgz_1460965287679_0.1848272318020463' },
62 silly install resolved     directories: {},
62 silly install resolved     _shasum: '24162d99521e6d40f99ae6939e806d2139eaac52',
62 silly install resolved     _resolved: 'https://registry.npmjs.org/moment/-/moment-2.13.0.tgz',
62 silly install resolved     readme: 'ERROR: No README data found!' } ]
63 info install moment@2.13.0 into /Users/Chris/Sites/reactwp-theme-boilerplate/wp-content/themes/reactwp-theme-boilerplate
64 info installOne moment@2.13.0
65 verbose installOne of moment to /Users/Chris/Sites/reactwp-theme-boilerplate/wp-content/themes/reactwp-theme-boilerplate not in flight; installing
66 verbose lock using /Users/Chris/.npm/_locks/moment-95181a80d7a53ff1.lock for /Users/Chris/Sites/reactwp-theme-boilerplate/wp-content/themes/reactwp-theme-boilerplate/node_modules/moment
67 silly install write writing moment 2.13.0 to /Users/Chris/Sites/reactwp-theme-boilerplate/wp-content/themes/reactwp-theme-boilerplate/node_modules/moment
68 verbose unbuild node_modules/moment
69 silly gentlyRm /Users/Chris/Sites/reactwp-theme-boilerplate/wp-content/themes/reactwp-theme-boilerplate/node_modules/moment is being purged from base /Users/Chris/Sites/reactwp-theme-boilerplate/wp-content/themes/reactwp-theme-boilerplate
70 verbose gentlyRm don't care about contents; nuking /Users/Chris/Sites/reactwp-theme-boilerplate/wp-content/themes/reactwp-theme-boilerplate/node_modules/moment
71 verbose tar unpack /Users/Chris/.npm/moment/2.13.0/package.tgz
72 verbose tar unpacking to /Users/Chris/Sites/reactwp-theme-boilerplate/wp-content/themes/reactwp-theme-boilerplate/node_modules/moment
73 silly gentlyRm /Users/Chris/Sites/reactwp-theme-boilerplate/wp-content/themes/reactwp-theme-boilerplate/node_modules/moment is being purged
74 verbose gentlyRm don't care about contents; nuking /Users/Chris/Sites/reactwp-theme-boilerplate/wp-content/themes/reactwp-theme-boilerplate/node_modules/moment
75 silly gunzTarPerm modes [ '755', '644' ]
76 silly gunzTarPerm extractEntry package.json
77 silly gunzTarPerm extractEntry .npmignore
78 silly gunzTarPerm extractEntry README.md
79 silly gunzTarPerm extractEntry LICENSE
80 silly gunzTarPerm extractEntry ender.js
81 silly gunzTarPerm extractEntry moment.js
82 silly gunzTarPerm extractEntry package.js
83 silly gunzTarPerm extractEntry moment.d.ts
84 silly gunzTarPerm extractEntry src/moment.js
85 silly gunzTarPerm extractEntry src/lib/create/check-overflow.js
86 silly gunzTarPerm extractEntry src/lib/create/from-anything.js
87 silly gunzTarPerm extractEntry src/lib/create/from-array.js
88 silly gunzTarPerm extractEntry src/lib/create/from-object.js
89 silly gunzTarPerm extractEntry src/lib/create/from-string-and-array.js
90 silly gunzTarPerm extractEntry src/lib/create/date-from-array.js
91 silly gunzTarPerm extractEntry src/lib/create/from-string.js
92 silly gunzTarPerm extractEntry src/lib/create/local.js
93 silly gunzTarPerm extractEntry src/lib/create/parsing-flags.js
94 silly gunzTarPerm extractEntry src/lib/create/utc.js
95 silly gunzTarPerm extractEntry src/lib/create/valid.js
96 silly gunzTarPerm extractEntry src/lib/create/from-string-and-format.js
97 silly gunzTarPerm extractEntry src/lib/duration/abs.js
98 silly gunzTarPerm extractEntry src/lib/duration/as.js
99 silly gunzTarPerm extractEntry src/lib/duration/bubble.js
100 silly gunzTarPerm extractEntry src/lib/duration/constructor.js
101 silly gunzTarPerm extractEntry src/lib/duration/add-subtract.js
102 silly gunzTarPerm extractEntry src/lib/duration/duration.js
103 silly gunzTarPerm extractEntry src/lib/duration/get.js
104 silly gunzTarPerm extractEntry src/lib/duration/humanize.js
105 silly gunzTarPerm extractEntry src/lib/duration/iso-string.js
106 silly gunzTarPerm extractEntry src/lib/duration/prototype.js
107 silly gunzTarPerm extractEntry src/lib/duration/create.js
108 silly gunzTarPerm extractEntry src/lib/format/format.js
109 silly gunzTarPerm extractEntry src/lib/locale/calendar.js
110 silly gunzTarPerm extractEntry src/lib/locale/formats.js
111 silly gunzTarPerm extractEntry src/lib/locale/invalid.js
112 silly gunzTarPerm extractEntry src/lib/locale/lists.js
113 silly gunzTarPerm extractEntry src/lib/locale/en.js
114 silly gunzTarPerm extractEntry src/lib/locale/locales.js
115 silly gunzTarPerm extractEntry src/lib/locale/ordinal.js
116 silly gunzTarPerm extractEntry src/lib/locale/pre-post-format.js
117 silly gunzTarPerm extractEntry src/lib/locale/prototype.js
118 silly gunzTarPerm extractEntry src/lib/locale/relative.js
119 silly gunzTarPerm extractEntry src/lib/locale/constructor.js
120 silly gunzTarPerm extractEntry src/lib/locale/set.js
121 silly gunzTarPerm extractEntry src/lib/locale/locale.js
122 silly gunzTarPerm extractEntry src/lib/moment/add-subtract.js
123 silly gunzTarPerm extractEntry src/lib/moment/diff.js
124 silly gunzTarPerm extractEntry src/lib/moment/format.js
125 silly gunzTarPerm extractEntry src/lib/moment/from.js
126 silly gunzTarPerm extractEntry src/lib/moment/creation-data.js
127 silly gunzTarPerm extractEntry src/lib/moment/locale.js
128 silly gunzTarPerm extractEntry src/lib/moment/min-max.js
129 silly gunzTarPerm extractEntry src/lib/moment/moment.js
130 silly gunzTarPerm extractEntry src/lib/moment/now.js
131 silly gunzTarPerm extractEntry src/lib/moment/prototype.js
132 silly gunzTarPerm extractEntry src/lib/moment/constructor.js
133 silly gunzTarPerm extractEntry src/lib/moment/start-end-of.js
134 silly gunzTarPerm extractEntry src/lib/moment/compare.js
135 silly gunzTarPerm extractEntry src/lib/moment/to-type.js
136 silly gunzTarPerm extractEntry src/lib/moment/clone.js
137 silly gunzTarPerm extractEntry src/lib/moment/to.js
138 silly gunzTarPerm extractEntry src/lib/moment/calendar.js
139 silly gunzTarPerm extractEntry src/lib/moment/valid.js
140 silly gunzTarPerm extractEntry src/lib/moment/get-set.js
141 silly gunzTarPerm extractEntry src/lib/parse/regex.js
142 silly gunzTarPerm extractEntry src/lib/parse/token.js
143 silly gunzTarPerm extractEntry src/lib/units/aliases.js
144 silly gunzTarPerm extractEntry src/lib/units/millisecond.js
145 silly gunzTarPerm extractEntry src/lib/units/minute.js
146 silly gunzTarPerm extractEntry src/lib/units/month.js
147 silly gunzTarPerm extractEntry src/lib/units/hour.js
148 silly gunzTarPerm extractEntry src/lib/units/quarter.js
149 silly gunzTarPerm extractEntry src/lib/units/second.js
150 silly gunzTarPerm extractEntry src/lib/units/timestamp.js
151 silly gunzTarPerm extractEntry src/lib/units/timezone.js
152 silly gunzTarPerm extractEntry src/lib/units/units.js
153 silly gunzTarPerm extractEntry src/lib/units/day-of-year.js
154 silly gunzTarPerm extractEntry src/lib/units/week-calendar-utils.js
155 silly gunzTarPerm extractEntry src/lib/units/day-of-week.js
156 silly gunzTarPerm extractEntry src/lib/units/week-year.js
157 silly gunzTarPerm extractEntry src/lib/units/day-of-month.js
158 silly gunzTarPerm extractEntry src/lib/units/week.js
159 silly gunzTarPerm extractEntry src/lib/units/constants.js
160 silly gunzTarPerm extractEntry src/lib/units/year.js
161 silly gunzTarPerm extractEntry src/lib/units/offset.js
162 silly gunzTarPerm extractEntry src/lib/utils/abs-ceil.js
163 silly gunzTarPerm extractEntry src/lib/utils/extend.js
164 silly gunzTarPerm extractEntry src/lib/utils/has-own-prop.js
165 silly gunzTarPerm extractEntry src/lib/utils/hooks.js
166 silly gunzTarPerm extractEntry src/lib/utils/index-of.js
167 silly gunzTarPerm extractEntry src/lib/utils/deprecate.js
168 silly gunzTarPerm extractEntry src/lib/utils/is-date.js
169 silly gunzTarPerm extractEntry src/lib/utils/is-function.js
170 silly gunzTarPerm extractEntry src/lib/utils/is-object.js
171 silly gunzTarPerm extractEntry src/lib/utils/is-undefined.js
172 silly gunzTarPerm extractEntry src/lib/utils/keys.js
173 silly gunzTarPerm extractEntry src/lib/utils/defaults.js
174 silly gunzTarPerm extractEntry src/lib/utils/map.js
175 silly gunzTarPerm extractEntry src/lib/utils/compare-arrays.js
176 silly gunzTarPerm extractEntry src/lib/utils/some.js
177 silly gunzTarPerm extractEntry src/lib/utils/abs-round.js
178 silly gunzTarPerm extractEntry src/lib/utils/to-int.js
179 silly gunzTarPerm extractEntry src/lib/utils/abs-floor.js
180 silly gunzTarPerm extractEntry src/lib/utils/zero-fill.js
181 silly gunzTarPerm extractEntry src/lib/utils/is-array.js
182 silly gunzTarPerm extractEntry src/locale/af.js
183 silly gunzTarPerm extractEntry src/locale/it.js
184 silly gunzTarPerm extractEntry src/locale/ja.js
185 silly gunzTarPerm extractEntry src/locale/jv.js
186 silly gunzTarPerm extractEntry src/locale/ka.js
187 silly gunzTarPerm extractEntry src/locale/is.js
188 silly gunzTarPerm extractEntry src/locale/km.js
189 silly gunzTarPerm extractEntry src/locale/ko.js
190 silly gunzTarPerm extractEntry src/locale/ky.js
191 silly gunzTarPerm extractEntry src/locale/lb.js
192 silly gunzTarPerm extractEntry src/locale/lo.js
193 silly gunzTarPerm extractEntry src/locale/id.js
194 silly gunzTarPerm extractEntry src/locale/lt.js
195 silly gunzTarPerm extractEntry src/locale/hy-am.js
196 silly gunzTarPerm extractEntry src/locale/lv.js
197 silly gunzTarPerm extractEntry src/locale/hu.js
198 silly gunzTarPerm extractEntry src/locale/me.js
199 silly gunzTarPerm extractEntry src/locale/hr.js
200 silly gunzTarPerm extractEntry src/locale/mk.js
201 silly gunzTarPerm extractEntry src/locale/hi.js
202 silly gunzTarPerm extractEntry src/locale/ml.js
203 silly gunzTarPerm extractEntry src/locale/he.js
204 silly gunzTarPerm extractEntry src/locale/mr.js
205 silly gunzTarPerm extractEntry src/locale/gl.js
206 silly gunzTarPerm extractEntry src/locale/ms-my.js
207 silly gunzTarPerm extractEntry src/locale/gd.js
208 silly gunzTarPerm extractEntry src/locale/ms.js
209 silly gunzTarPerm extractEntry src/locale/fy.js
210 silly gunzTarPerm extractEntry src/locale/my.js
211 silly gunzTarPerm extractEntry src/locale/fr.js
212 silly gunzTarPerm extractEntry src/locale/nb.js
213 silly gunzTarPerm extractEntry src/locale/fr-ch.js
214 silly gunzTarPerm extractEntry src/locale/ne.js
215 silly gunzTarPerm extractEntry src/locale/fr-ca.js
216 silly gunzTarPerm extractEntry src/locale/nl.js
217 silly gunzTarPerm extractEntry src/locale/fo.js
218 silly gunzTarPerm extractEntry src/locale/nn.js
219 silly gunzTarPerm extractEntry src/locale/fi.js
220 silly gunzTarPerm extractEntry src/locale/pa-in.js
221 silly gunzTarPerm extractEntry src/locale/fa.js
222 silly gunzTarPerm extractEntry src/locale/pl.js
223 silly gunzTarPerm extractEntry src/locale/eu.js
224 silly gunzTarPerm extractEntry src/locale/pt-br.js
225 silly gunzTarPerm extractEntry src/locale/et.js
226 silly gunzTarPerm extractEntry src/locale/pt.js
227 silly gunzTarPerm extractEntry src/locale/es.js
228 silly gunzTarPerm extractEntry src/locale/ro.js
229 silly gunzTarPerm extractEntry src/locale/eo.js
230 silly gunzTarPerm extractEntry src/locale/ru.js
231 silly gunzTarPerm extractEntry src/locale/en-nz.js
232 silly gunzTarPerm extractEntry src/locale/se.js
233 silly gunzTarPerm extractEntry src/locale/en-ie.js
234 silly gunzTarPerm extractEntry src/locale/si.js
235 silly gunzTarPerm extractEntry src/locale/en-gb.js
236 silly gunzTarPerm extractEntry src/locale/sk.js
237 silly gunzTarPerm extractEntry src/locale/en-ca.js
238 silly gunzTarPerm extractEntry src/locale/sl.js
239 silly gunzTarPerm extractEntry src/locale/en-au.js
240 silly gunzTarPerm extractEntry src/locale/sq.js
241 silly gunzTarPerm extractEntry src/locale/el.js
242 silly gunzTarPerm extractEntry src/locale/sr-cyrl.js
243 silly gunzTarPerm extractEntry src/locale/dv.js
244 silly gunzTarPerm extractEntry src/locale/sr.js
245 silly gunzTarPerm extractEntry src/locale/de.js
246 silly gunzTarPerm extractEntry src/locale/ss.js
247 silly gunzTarPerm extractEntry src/locale/de-at.js
248 silly gunzTarPerm extractEntry src/locale/sv.js
249 silly gunzTarPerm extractEntry src/locale/da.js
250 silly gunzTarPerm extractEntry src/locale/sw.js
251 silly gunzTarPerm extractEntry src/locale/cy.js
252 silly gunzTarPerm extractEntry src/locale/ta.js
253 silly gunzTarPerm extractEntry src/locale/cv.js
254 silly gunzTarPerm extractEntry src/locale/te.js
255 silly gunzTarPerm extractEntry src/locale/cs.js
256 silly gunzTarPerm extractEntry src/locale/th.js
257 silly gunzTarPerm extractEntry src/locale/ca.js
258 silly gunzTarPerm extractEntry src/locale/tl-ph.js
259 silly gunzTarPerm extractEntry src/locale/bs.js
260 silly gunzTarPerm extractEntry src/locale/tlh.js
261 silly gunzTarPerm extractEntry src/locale/br.js
262 silly gunzTarPerm extractEntry src/locale/tr.js
263 silly gunzTarPerm extractEntry src/locale/bo.js
264 silly gunzTarPerm extractEntry src/locale/tzl.js
265 silly gunzTarPerm extractEntry src/locale/bn.js
266 silly gunzTarPerm extractEntry src/locale/tzm-latn.js
267 silly gunzTarPerm extractEntry src/locale/bg.js
268 silly gunzTarPerm extractEntry src/locale/tzm.js
269 silly gunzTarPerm extractEntry src/locale/be.js
270 silly gunzTarPerm extractEntry src/locale/uk.js
271 silly gunzTarPerm extractEntry src/locale/az.js
272 silly gunzTarPerm extractEntry src/locale/uz.js
273 silly gunzTarPerm extractEntry src/locale/ar.js
274 silly gunzTarPerm extractEntry src/locale/vi.js
275 silly gunzTarPerm extractEntry src/locale/ar-tn.js
276 silly gunzTarPerm extractEntry src/locale/x-pseudo.js
277 silly gunzTarPerm extractEntry src/locale/ar-sa.js
278 silly gunzTarPerm extractEntry src/locale/zh-cn.js
279 silly gunzTarPerm extractEntry src/locale/ar-ma.js
280 silly gunzTarPerm extractEntry src/locale/zh-tw.js
281 silly gunzTarPerm extractEntry src/locale/kk.js
282 silly gunzTarPerm extractEntry locale/af.js
283 silly gunzTarPerm extractEntry locale/it.js
284 silly gunzTarPerm extractEntry locale/ja.js
285 silly gunzTarPerm extractEntry locale/jv.js
286 silly gunzTarPerm extractEntry locale/ka.js
287 silly gunzTarPerm extractEntry locale/is.js
288 silly gunzTarPerm extractEntry locale/km.js
289 silly gunzTarPerm extractEntry locale/ko.js
290 silly gunzTarPerm extractEntry locale/ky.js
291 silly gunzTarPerm extractEntry locale/lb.js
292 silly gunzTarPerm extractEntry locale/lo.js
293 silly gunzTarPerm extractEntry locale/id.js
294 silly gunzTarPerm extractEntry locale/lt.js
295 silly gunzTarPerm extractEntry locale/hy-am.js
296 silly gunzTarPerm extractEntry locale/lv.js
297 silly gunzTarPerm extractEntry locale/hu.js
298 silly gunzTarPerm extractEntry locale/me.js
299 silly gunzTarPerm extractEntry locale/hr.js
300 silly gunzTarPerm extractEntry locale/mk.js
301 silly gunzTarPerm extractEntry locale/hi.js
302 silly gunzTarPerm extractEntry locale/ml.js
303 silly gunzTarPerm extractEntry locale/he.js
304 silly gunzTarPerm extractEntry locale/mr.js
305 silly gunzTarPerm extractEntry locale/gl.js
306 silly gunzTarPerm extractEntry locale/ms-my.js
307 silly gunzTarPerm extractEntry locale/gd.js
308 silly gunzTarPerm extractEntry locale/ms.js
309 silly gunzTarPerm extractEntry locale/fy.js
310 silly gunzTarPerm extractEntry locale/my.js
311 silly gunzTarPerm extractEntry locale/fr.js
312 silly gunzTarPerm extractEntry locale/nb.js
313 silly gunzTarPerm extractEntry locale/fr-ch.js
314 silly gunzTarPerm extractEntry locale/ne.js
315 silly gunzTarPerm extractEntry locale/fr-ca.js
316 silly gunzTarPerm extractEntry locale/nl.js
317 silly gunzTarPerm extractEntry locale/fo.js
318 silly gunzTarPerm extractEntry locale/nn.js
319 silly gunzTarPerm extractEntry locale/fi.js
320 silly gunzTarPerm extractEntry locale/pa-in.js
321 silly gunzTarPerm extractEntry locale/fa.js
322 silly gunzTarPerm extractEntry locale/pl.js
323 silly gunzTarPerm extractEntry locale/eu.js
324 silly gunzTarPerm extractEntry locale/pt-br.js
325 silly gunzTarPerm extractEntry locale/et.js
326 silly gunzTarPerm extractEntry locale/pt.js
327 silly gunzTarPerm extractEntry locale/es.js
328 silly gunzTarPerm extractEntry locale/ro.js
329 silly gunzTarPerm extractEntry locale/eo.js
330 silly gunzTarPerm extractEntry locale/ru.js
331 silly gunzTarPerm extractEntry locale/en-nz.js
332 silly gunzTarPerm extractEntry locale/se.js
333 silly gunzTarPerm extractEntry locale/en-ie.js
334 silly gunzTarPerm extractEntry locale/si.js
335 silly gunzTarPerm extractEntry locale/en-gb.js
336 silly gunzTarPerm extractEntry locale/sk.js
337 silly gunzTarPerm extractEntry locale/en-ca.js
338 silly gunzTarPerm extractEntry locale/sl.js
339 silly gunzTarPerm extractEntry locale/en-au.js
340 silly gunzTarPerm extractEntry locale/sq.js
341 silly gunzTarPerm extractEntry locale/el.js
342 silly gunzTarPerm extractEntry locale/sr-cyrl.js
343 silly gunzTarPerm extractEntry locale/dv.js
344 silly gunzTarPerm extractEntry locale/sr.js
345 silly gunzTarPerm extractEntry locale/de.js
346 silly gunzTarPerm extractEntry locale/ss.js
347 silly gunzTarPerm extractEntry locale/de-at.js
348 silly gunzTarPerm extractEntry locale/sv.js
349 silly gunzTarPerm extractEntry locale/da.js
350 silly gunzTarPerm extractEntry locale/sw.js
351 silly gunzTarPerm extractEntry locale/cy.js
352 silly gunzTarPerm extractEntry locale/ta.js
353 silly gunzTarPerm extractEntry locale/cv.js
354 silly gunzTarPerm extractEntry locale/te.js
355 silly gunzTarPerm extractEntry locale/cs.js
356 silly gunzTarPerm extractEntry locale/th.js
357 silly gunzTarPerm extractEntry locale/ca.js
358 silly gunzTarPerm extractEntry locale/tl-ph.js
359 silly gunzTarPerm extractEntry locale/bs.js
360 silly gunzTarPerm extractEntry locale/tlh.js
361 silly gunzTarPerm extractEntry locale/br.js
362 silly gunzTarPerm extractEntry locale/tr.js
363 silly gunzTarPerm extractEntry locale/bo.js
364 silly gunzTarPerm extractEntry locale/tzl.js
365 silly gunzTarPerm extractEntry locale/bn.js
366 silly gunzTarPerm extractEntry locale/tzm-latn.js
367 silly gunzTarPerm extractEntry locale/bg.js
368 silly gunzTarPerm extractEntry locale/tzm.js
369 silly gunzTarPerm extractEntry locale/be.js
370 silly gunzTarPerm extractEntry locale/uk.js
371 silly gunzTarPerm extractEntry locale/az.js
372 silly gunzTarPerm extractEntry locale/uz.js
373 silly gunzTarPerm extractEntry locale/ar.js
374 silly gunzTarPerm extractEntry locale/vi.js
375 silly gunzTarPerm extractEntry locale/ar-tn.js
376 silly gunzTarPerm extractEntry locale/x-pseudo.js
377 silly gunzTarPerm extractEntry locale/ar-sa.js
378 silly gunzTarPerm extractEntry locale/zh-cn.js
379 silly gunzTarPerm extractEntry locale/ar-ma.js
380 silly gunzTarPerm extractEntry locale/zh-tw.js
381 silly gunzTarPerm extractEntry locale/kk.js
382 silly gunzTarPerm extractEntry CHANGELOG.md
383 silly gunzTarPerm extractEntry min/locales.js
384 silly gunzTarPerm extractEntry min/locales.min.js
385 silly gunzTarPerm extractEntry min/moment-with-locales.js
386 silly gunzTarPerm extractEntry min/moment-with-locales.min.js
387 silly gunzTarPerm extractEntry min/moment.min.js
388 verbose write writing to /Users/Chris/Sites/reactwp-theme-boilerplate/wp-content/themes/reactwp-theme-boilerplate/node_modules/moment/package.json
389 info preinstall moment@2.13.0
390 verbose readDependencies loading dependencies from /Users/Chris/Sites/reactwp-theme-boilerplate/wp-content/themes/reactwp-theme-boilerplate/node_modules/moment/package.json
391 verbose readDependencies loading dependencies from /Users/Chris/Sites/reactwp-theme-boilerplate/wp-content/themes/reactwp-theme-boilerplate/node_modules/moment/package.json
392 silly install resolved []
393 verbose about to build /Users/Chris/Sites/reactwp-theme-boilerplate/wp-content/themes/reactwp-theme-boilerplate/node_modules/moment
394 info build /Users/Chris/Sites/reactwp-theme-boilerplate/wp-content/themes/reactwp-theme-boilerplate/node_modules/moment
395 info linkStuff moment@2.13.0
396 silly linkStuff moment@2.13.0 has /Users/Chris/Sites/reactwp-theme-boilerplate/wp-content/themes/reactwp-theme-boilerplate/node_modules as its parent node_modules
397 verbose linkBins moment@2.13.0
398 verbose linkMans moment@2.13.0
399 verbose rebuildBundles moment@2.13.0
400 info install moment@2.13.0
401 info postinstall moment@2.13.0
402 verbose unlock done using /Users/Chris/.npm/_locks/moment-95181a80d7a53ff1.lock for /Users/Chris/Sites/reactwp-theme-boilerplate/wp-content/themes/reactwp-theme-boilerplate/node_modules/moment
403 verbose validateInstall loading /Users/Chris/Sites/reactwp-theme-boilerplate/wp-content/themes/reactwp-theme-boilerplate/package.json for validation
404 warn unmet dependency /Users/Chris/Sites/reactwp-theme-boilerplate/wp-content/themes/reactwp-theme-boilerplate/node_modules/react-color/node_modules/reactcss requires react@'^0.14.0' but will load
404 warn unmet dependency /Users/Chris/Sites/reactwp-theme-boilerplate/wp-content/themes/reactwp-theme-boilerplate/node_modules/react-color/node_modules/react,
404 warn unmet dependency which is version 15.1.0
405 verbose stack Error: The package react@15.1.0 does not satisfy its siblings' peerDependencies requirements!
405 verbose stack     at /Users/Chris/.nvm/versions/io.js/v3.3.1/lib/node_modules/npm/lib/install.js:125:32
405 verbose stack     at /Users/Chris/.nvm/versions/io.js/v3.3.1/lib/node_modules/npm/lib/install.js:268:7
405 verbose stack     at /Users/Chris/.nvm/versions/io.js/v3.3.1/lib/node_modules/npm/node_modules/read-installed/read-installed.js:142:5
405 verbose stack     at /Users/Chris/.nvm/versions/io.js/v3.3.1/lib/node_modules/npm/node_modules/read-installed/read-installed.js:263:14
405 verbose stack     at cb (/Users/Chris/.nvm/versions/io.js/v3.3.1/lib/node_modules/npm/node_modules/slide/lib/async-map.js:47:24)
405 verbose stack     at /Users/Chris/.nvm/versions/io.js/v3.3.1/lib/node_modules/npm/node_modules/read-installed/read-installed.js:263:14
405 verbose stack     at cb (/Users/Chris/.nvm/versions/io.js/v3.3.1/lib/node_modules/npm/node_modules/slide/lib/async-map.js:47:24)
405 verbose stack     at /Users/Chris/.nvm/versions/io.js/v3.3.1/lib/node_modules/npm/node_modules/read-installed/read-installed.js:263:14
405 verbose stack     at cb (/Users/Chris/.nvm/versions/io.js/v3.3.1/lib/node_modules/npm/node_modules/slide/lib/async-map.js:47:24)
405 verbose stack     at /Users/Chris/.nvm/versions/io.js/v3.3.1/lib/node_modules/npm/node_modules/read-installed/read-installed.js:263:14
406 verbose cwd /Users/Chris/Sites/reactwp-theme-boilerplate/wp-content/themes/reactwp-theme-boilerplate
407 error Darwin 15.0.0
408 error argv "/Users/Chris/.nvm/versions/io.js/v3.3.1/bin/iojs" "/Users/Chris/.nvm/versions/io.js/v3.3.1/bin/npm" "install" "moment" "--save"
409 error node v3.3.1
410 error npm  v2.14.3
411 error code EPEERINVALID
412 error peerinvalid The package react@15.1.0 does not satisfy its siblings' peerDependencies requirements!
412 error peerinvalid Peer react-bootstrap@0.25.2 wants react@>=0.13
412 error peerinvalid Peer react-color@2.2.0 wants react@^0.14.0 || ^15.0.0
412 error peerinvalid Peer react-dom@0.14.8 wants react@^0.14.8
412 error peerinvalid Peer react-addons-css-transition-group@15.1.0 wants react@^15.1.0
413 verbose exit [ 1, true ]
